{
    "WHITE": "akeehan",
    "BLACK": "Random",
    "WINNER": "draw",
    "CONFIG": "Mini",
    "STARTING_POS": {
        "a6": "q",
        "b6": "k",
        "c6": "y",
        "d6": "s",
        "e6": "q",
        "f6": "q",
        "a5": "p",
        "b5": "p",
        "c5": "p",
        "d5": "p",
        "e5": "p",
        "f5": "p",
        "a2": "P",
        "b2": "P",
        "c2": "P",
        "d2": "P",
        "e2": "P",
        "f2": "P",
        "a1": "Q",
        "b1": "K",
        "c1": "Y",
        "d1": "S",
        "e1": "Q",
        "f1": "Q"
    },
    "MOVES": [
        [
            "a2",
            "a3"
        ],
        [
            "b5",
            "b3"
        ],
        [
            "c2",
            "b3"
        ],
        [
            "a6",
            "b5"
        ],
        [
            "d2",
            "d3"
        ],
        [
            "b5",
            "b4"
        ],
        [
            "e1",
            "b4"
        ],
        [
            "b6",
            "a6"
        ],
        [
            "b4",
            "a5"
        ],
        [
            "a6",
            "a5"
        ],
        [
            "c1",
            "c3"
        ],
        [
            "a5",
            "b5"
        ],
        [
            "a3",
            "a4"
        ],
        [
            "b5",
            "b6"
        ],
        [
            "c3",
            "b4"
        ],
        [
            "c6",
            "b5"
        ],
        [
            "a4",
            "b5"
        ],
        [
            "c5",
            "c3"
        ],
        [
            "a1",
            "a5"
        ]
    ],
    "TIMES": [
        null,
        null,
        null,
        null,
        null,
        null,
        null,
        null,
        null,
        null,
        null,
        null,
        null,
        null,
        null,
        null,
        null,
        null,
        null
    ],
    "RECORD": ""
}