{
    "WHITE": "Human",
    "BLACK": "Random",
    "WINNER": "draw",
    "CONFIG": "Mini",
    "STARTING_POS": {
        "a6": "y",
        "b6": "s",
        "c6": "s",
        "d6": "r",
        "e6": "k",
        "f6": "q",
        "a5": "p",
        "b5": "p",
        "c5": "p",
        "d5": "p",
        "e5": "p",
        "f5": "p",
        "a2": "P",
        "b2": "P",
        "c2": "P",
        "d2": "P",
        "e2": "P",
        "f2": "P",
        "a1": "Y",
        "b1": "S",
        "c1": "S",
        "d1": "R",
        "e1": "K",
        "f1": "Q"
    },
    "MOVES": [
        [
            "b2",
            "b4"
        ],
        [
            "d5",
            "d3"
        ],
        [
            "e2",
            "d3"
        ],
        [
            "d6",
            "d3"
        ],
        [
            "f1",
            "d3"
        ],
        [
            "c6",
            "d6"
        ],
        [
            "b4",
            "c5"
        ],
        [
            "d6",
            "c6"
        ],
        [
            "c5",
            "b6"
        ],
        [
            "f5",
            "f4"
        ],
        [
            "b6",
            "c6"
        ],
        [
            "a6",
            "c6"
        ],
        [
            "d3",
            "e4"
        ],
        [
            "f4",
            "f3"
        ],
        [
            "a1",
            "e5"
        ],
        [
            "f6",
            "f4"
        ],
        [
            "e4",
            "c6"
        ],
        [
            "e6",
            "e5"
        ],
        [
            "b1",
            "b3"
        ],
        [
            "f4",
            "b4"
        ],
        [
            "b3",
            "b4"
        ],
        [
            "e5",
            "f4"
        ],
        [
            "c6",
            "e4"
        ]
    ],
    "TIMES": [
        null,
        null,
        null,
        null,
        null,
        null,
        null,
        null,
        null,
        null,
        null,
        null,
        null,
        null,
        null,
        null,
        null,
        null,
        null,
        null,
        null,
        null,
        null
    ],
    "RECORD": ""
}