{
    "WHITE": "Random",
    "BLACK": "Random",
    "WINNER": "draw",
    "CONFIG": "Large",
    "STARTING_POS": {
        "a8": "r",
        "b8": "n",
        "c8": "b",
        "d8": "s",
        "e8": "q",
        "f8": "k",
        "g8": "f",
        "h8": "b",
        "i8": "n",
        "j8": "r",
        "a7": "p",
        "b7": "p",
        "c7": "p",
        "d7": "p",
        "e7": "p",
        "f7": "p",
        "g7": "p",
        "h7": "p",
        "i7": "p",
        "j7": "p",
        "a2": "P",
        "b2": "P",
        "c2": "P",
        "d2": "P",
        "e2": "P",
        "f2": "P",
        "g2": "P",
        "h2": "P",
        "i2": "P",
        "j2": "P",
        "a1": "R",
        "b1": "N",
        "c1": "B",
        "d1": "S",
        "e1": "Q",
        "f1": "K",
        "g1": "F",
        "h1": "B",
        "i1": "N",
        "j1": "R"
    },
    "MOVES": [
        [
            "b1",
            "c3"
        ],
        [
            "i8",
            "h6"
        ],
        [
            "c3",
            "a4"
        ],
        [
            "a7",
            "a5"
        ],
        [
            "e2",
            "e4"
        ],
        [
            "c7",
            "c6"
        ],
        [
            "d1",
            "g4"
        ],
        [
            "e7",
            "e5"
        ],
        [
            "g4",
            "h5"
        ],
        [
            "a8",
            "a6"
        ],
        [
            "e1",
            "d1"
        ],
        [
            "d8",
            "e7"
        ],
        [
            "h5",
            "g6"
        ],
        [
            "f7",
            "f6"
        ],
        [
            "g2",
            "g3"
        ],
        [
            "f6",
            "f5"
        ],
        [
            "f1",
            "e1"
        ],
        [
            "h6",
            "f7"
        ],
        [
            "g6",
            "g5"
        ],
        [
            "c6",
            "c5"
        ],
        [
            "d2",
            "d4"
        ],
        [
            "e7",
            "e6"
        ],
        [
            "c1",
            "d2"
        ],
        [
            "a6",
            "a8"
        ],
        [
            "g5",
            "d8"
        ],
        [
            "e6",
            "g6"
        ],
        [
            "d8",
            "d7"
        ],
        [
            "i7",
            "i5"
        ],
        [
            "j2",
            "j3"
        ],
        [
            "f7",
            "h6"
        ],
        [
            "d2",
            "b4"
        ],
        [
            "c8",
            "d7"
        ],
        [
            "j1",
            "j2"
        ],
        [
            "d7",
            "c8"
        ],
        [
            "f2",
            "f4"
        ],
        [
            "e8",
            "c6"
        ],
        [
            "d1",
            "e2"
        ],
        [
            "c6",
            "b5"
        ],
        [
            "a1",
            "c1"
        ],
        [
            "c8",
            "e6"
        ],
        [
            "e1",
            "f2"
        ],
        [
            "g8",
            "i8"
        ],
        [
            "a2",
            "a3"
        ],
        [
            "i8",
            "i6"
        ],
        [
            "c1",
            "d1"
        ],
        [
            "a5",
            "b4"
        ],
        [
            "h1",
            "g2"
        ],
        [
            "e6",
            "f7"
        ],
        [
            "a4",
            "c3"
        ],
        [
            "f5",
            "e4"
        ],
        [
            "c3",
            "d5"
        ],
        [
            "e4",
            "e3"
        ],
        [
            "e2",
            "e3"
        ],
        [
            "g6",
            "h5"
        ],
        [
            "i2",
            "i4"
        ],
        [
            "h6",
            "f5"
        ],
        [
            "a3",
            "b4"
        ],
        [
            "f5",
            "e3"
        ],
        [
            "d1",
            "a1"
        ],
        [
            "b5",
            "d3"
        ],
        [
            "d5",
            "c7"
        ],
        [
            "j7",
            "j5"
        ],
        [
            "a1",
            "a8"
        ],
        [
            "f7",
            "a2"
        ],
        [
            "c7",
            "a6"
        ],
        [
            "e3",
            "d5"
        ],
        [
            "b4",
            "c5"
        ],
        [
            "h5",
            "h2"
        ],
        [
            "c2",
            "c3"
        ],
        [
            "d5",
            "e3"
        ],
        [
            "c3",
            "c4"
        ],
        [
            "h2",
            "h5"
        ],
        [
            "i4",
            "h5"
        ],
        [
            "j8",
            "i8"
        ],
        [
            "g2",
            "h1"
        ],
        [
            "e3",
            "d1"
        ],
        [
            "f2",
            "e1"
        ],
        [
            "i8",
            "j8"
        ],
        [
            "h1",
            "i2"
        ],
        [
            "i6",
            "i8"
        ],
        [
            "b2",
            "b4"
        ],
        [
            "d1",
            "c3"
        ],
        [
            "i1",
            "h3"
        ],
        [
            "c3",
            "d5"
        ],
        [
            "f4",
            "e5"
        ],
        [
            "d3",
            "f3"
        ],
        [
            "h3",
            "g5"
        ],
        [
            "f3",
            "g3"
        ],
        [
            "e1",
            "f1"
        ],
        [
            "g3",
            "i1"
        ],
        [
            "g5",
            "f3"
        ],
        [
            "h7",
            "h6"
        ],
        [
            "f1",
            "f2"
        ],
        [
            "g7",
            "g5"
        ],
        [
            "i2",
            "e6"
        ],
        [
            "i8",
            "g8"
        ],
        [
            "a8",
            "b8"
        ],
        [
            "g8",
            "e8"
        ],
        [
            "e6",
            "c8"
        ],
        [
            "d5",
            "b6"
        ],
        [
            "g1",
            "i3"
        ],
        [
            "e8",
            "g6"
        ],
        [
            "c8",
            "j1"
        ],
        [
            "b6",
            "c8"
        ],
        [
            "f3",
            "h4"
        ],
        [
            "b7",
            "b6"
        ],
        [
            "a6",
            "c7"
        ],
        [
            "i1",
            "j2"
        ],
        [
            "f2",
            "f1"
        ],
        [
            "i5",
            "i4"
        ],
        [
            "b8",
            "b7"
        ],
        [
            "j8",
            "i8"
        ],
        [
            "i3",
            "g1"
        ],
        [
            "j2",
            "i1"
        ],
        [
            "b7",
            "a7"
        ],
        [
            "i1",
            "i2"
        ],
        [
            "c5",
            "c6"
        ],
        [
            "a2",
            "b1"
        ],
        [
            "g1",
            "i3"
        ],
        [
            "f8",
            "f7"
        ],
        [
            "a7",
            "a2"
        ],
        [
            "g6",
            "e8"
        ],
        [
            "a2",
            "a7"
        ],
        [
            "b1",
            "d3"
        ],
        [
            "f1",
            "g1"
        ],
        [
            "f7",
            "e7"
        ],
        [
            "h4",
            "g2"
        ],
        [
            "c8",
            "d6"
        ],
        [
            "a7",
            "a4"
        ],
        [
            "i2",
            "j2"
        ],
        [
            "i3",
            "i5"
        ],
        [
            "j2",
            "i2"
        ],
        [
            "c7",
            "a8"
        ],
        [
            "i8",
            "i7"
        ],
        [
            "a4",
            "a6"
        ],
        [
            "i7",
            "f7"
        ],
        [
            "a6",
            "a4"
        ],
        [
            "f7",
            "j7"
        ],
        [
            "a4",
            "a7"
        ],
        [
            "d6",
            "b7"
        ],
        [
            "a7",
            "a6"
        ],
        [
            "i2",
            "j1"
        ],
        [
            "g1",
            "f2"
        ],
        [
            "e8",
            "g6"
        ],
        [
            "i5",
            "g7"
        ],
        [
            "e7",
            "f8"
        ],
        [
            "f2",
            "e3"
        ],
        [
            "g6",
            "e4"
        ],
        [
            "g7",
            "g5"
        ],
        [
            "d3",
            "c2"
        ],
        [
            "g2",
            "i1"
        ],
        [
            "f8",
            "f7"
        ],
        [
            "d4",
            "d5"
        ],
        [
            "i4",
            "i3"
        ],
        [
            "a6",
            "a3"
        ],
        [
            "j1",
            "f5"
        ],
        [
            "i1",
            "g2"
        ],
        [
            "j7",
            "j8"
        ],
        [
            "c6",
            "c7"
        ],
        [
            "f5",
            "j1"
        ],
        [
            "g5",
            "i7"
        ],
        [
            "j8",
            "j7"
        ],
        [
            "e3",
            "f3"
        ],
        [
            "j1",
            "d1"
        ],
        [
            "f3",
            "f4"
        ],
        [
            "d1",
            "d3"
        ],
        [
            "a3",
            "a1"
        ],
        [
            "c2",
            "b3"
        ],
        [
            "a1",
            "a2"
        ],
        [
            "d3",
            "f3"
        ],
        [
            "f4",
            "f3"
        ],
        [
            "i3",
            "i2"
        ],
        [
            "a2",
            "f2"
        ],
        [
            "h8",
            "f6"
        ],
        [
            "i7",
            "g7"
        ],
        [
            "b7",
            "a5"
        ],
        [
            "f3",
            "f4"
        ],
        [
            "e4",
            "c6"
        ],
        [
            "c7",
            "c8"
        ],
        [
            "f6",
            "d8"
        ],
        [
            "f2",
            "c2"
        ],
        [
            "c6",
            "c4"
        ],
        [
            "c8",
            "f5"
        ],
        [
            "f7",
            "e8"
        ],
        [
            "f4",
            "g3"
        ],
        [
            "b3",
            "a4"
        ],
        [
            "f5",
            "i8"
        ],
        [
            "e8",
            "d7"
        ],
        [
            "c2",
            "c4"
        ],
        [
            "j7",
            "g7"
        ],
        [
            "g3",
            "h3"
        ],
        [
            "d8",
            "h4"
        ],
        [
            "g2",
            "e3"
        ],
        [
            "a5",
            "c6"
        ],
        [
            "i8",
            "i6"
        ],
        [
            "c6",
            "a5"
        ],
        [
            "c4",
            "g4"
        ],
        [
            "a5",
            "c6"
        ],
        [
            "g4",
            "h4"
        ],
        [
            "g7",
            "j7"
        ],
        [
            "j3",
            "j4"
        ]
    ],
    "TIMES": [
        null,
        null,
        null,
        null,
        null,
        null,
        null,
        null,
        null,
        null,
        null,
        null,
        null,
        null,
        null,
        null,
        null,
        null,
        null,
        null,
        null,
        null,
        null,
        null,
        null,
        null,
        null,
        null,
        null,
        null,
        null,
        null,
        null,
        null,
        null,
        null,
        null,
        null,
        null,
        null,
        null,
        null,
        null,
        null,
        null,
        null,
        null,
        null,
        null,
        null,
        null,
        null,
        null,
        null,
        null,
        null,
        null,
        null,
        null,
        null,
        null,
        null,
        null,
        null,
        null,
        null,
        null,
        null,
        null,
        null,
        null,
        null,
        null,
        null,
        null,
        null,
        null,
        null,
        null,
        null,
        null,
        null,
        null,
        null,
        null,
        null,
        null,
        null,
        null,
        null,
        null,
        null,
        null,
        null,
        null,
        null,
        null,
        null,
        null,
        null,
        null,
        null,
        null,
        null,
        null,
        null,
        null,
        null,
        null,
        null,
        null,
        null,
        null,
        null,
        null,
        null,
        null,
        null,
        null,
        null,
        null,
        null,
        null,
        null,
        null,
        null,
        null,
        null,
        null,
        null,
        null,
        null,
        null,
        null,
        null,
        null,
        null,
        null,
        null,
        null,
        null,
        null,
        null,
        null,
        null,
        null,
        null,
        null,
        null,
        null,
        null,
        null,
        null,
        null,
        null,
        null,
        null,
        null,
        null,
        null,
        null,
        null,
        null,
        null,
        null,
        null,
        null,
        null,
        null,
        null,
        null,
        null,
        null,
        null,
        null,
        null,
        null,
        null,
        null,
        null,
        null,
        null,
        null,
        null,
        null,
        null,
        null,
        null,
        null,
        null,
        null,
        null,
        null,
        null,
        null,
        null,
        null,
        null,
        null,
        null,
        null
    ],
    "RECORD": ""
}