{
    "WHITE": "Random",
    "BLACK": "akeehan",
    "WINNER": "draw",
    "CONFIG": "Mini",
    "STARTING_POS": {
        "a6": "y",
        "b6": "s",
        "c6": "b",
        "d6": "b",
        "e6": "k",
        "f6": "q",
        "a5": "p",
        "b5": "p",
        "c5": "p",
        "d5": "p",
        "e5": "p",
        "f5": "p",
        "a2": "P",
        "b2": "P",
        "c2": "P",
        "d2": "P",
        "e2": "P",
        "f2": "P",
        "a1": "Y",
        "b1": "S",
        "c1": "B",
        "d1": "B",
        "e1": "K",
        "f1": "Q"
    },
    "MOVES": [
        [
            "c2",
            "c4"
        ],
        [
            "b5",
            "c4"
        ],
        [
            "d1",
            "b3"
        ],
        [
            "b6",
            "b3"
        ],
        [
            "f2",
            "f4"
        ],
        [
            "e5",
            "f4"
        ],
        [
            "b1",
            "d3"
        ],
        [
            "c4",
            "d3"
        ],
        [
            "f1",
            "f2"
        ],
        [
            "f6",
            "b2"
        ],
        [
            "f2",
            "c5"
        ],
        [
            "d6",
            "c5"
        ],
        [
            "a2",
            "a3"
        ],
        [
            "b2",
            "a1"
        ],
        [
            "e1",
            "f1"
        ],
        [
            "a1",
            "c1"
        ]
    ],
    "TIMES": [
        null,
        null,
        null,
        null,
        null,
        null,
        null,
        null,
        null,
        null,
        null,
        null,
        null,
        null,
        null,
        null
    ],
    "RECORD": ""
}